2021-12-21 14:08:50,927 - root - INFO - burauaukayk
2021-12-21 14:12:50,408 - root - INFO - burauaukayk
2021-12-21 14:12:57,057 - root - INFO - burauüüüaukayk
2021-12-21 14:23:54,654 - root - INFO - burauüüüaukayk
2021-12-21 14:23:54,657 - root - ERROR - erarararararar
2021-12-21 14:28:22,652 - root - INFO - eaukmylakm
2021-12-21 14:35:11,149 - root - INFO - dosya zaten var dosya oluşturulmadı
2021-12-21 14:35:11,150 - root - INFO - create_img_folder() fonksiyonu başarı ile çalıştı
2021-12-21 14:38:51,463 - root - WARNING - dosya zaten var dosya oluşturulmadı
2021-12-21 14:38:51,464 - root - INFO - create_img_folder() fonksiyonu başarı ile çalıştı
2021-12-21 15:12:26,453 - root - WARNING - dosya zaten var dosya oluşturulmadı
2021-12-21 15:12:26,466 - root - INFO - create_img_folder() fonksiyonu başarı ile çalıştı
2021-12-21 15:12:26,467 - WDM - INFO - 

2021-12-21 15:12:26,469 - WDM - INFO - ====== WebDriver manager ======
2021-12-21 15:12:27,402 - WDM - INFO - Current firefox version is 95.0
2021-12-21 15:12:27,404 - WDM - INFO - Get LATEST geckodriver version for 95.0 firefox
2021-12-21 15:12:27,769 - WDM - INFO - Driver [C:\Users\asus\.wdm\drivers\geckodriver\win64\v0.30.0\geckodriver.exe] found in cache
2021-12-21 15:14:54,774 - root - WARNING - dosya zaten var dosya oluşturulmadı
2021-12-21 15:14:54,774 - root - INFO - create_img_folder() fonksiyonu başarı ile çalıştı
2021-12-21 15:14:54,789 - WDM - INFO - 

2021-12-21 15:14:54,791 - WDM - INFO - ====== WebDriver manager ======
2021-12-21 15:14:55,645 - WDM - INFO - Current firefox version is 95.0
2021-12-21 15:14:55,645 - WDM - INFO - Get LATEST geckodriver version for 95.0 firefox
2021-12-21 15:14:56,036 - WDM - INFO - Driver [C:\Users\asus\.wdm\drivers\geckodriver\win64\v0.30.0\geckodriver.exe] found in cache
2021-12-21 15:28:41,238 - root - WARNING - dosya zaten var dosya oluşturulmadı
2021-12-21 15:28:41,238 - root - INFO - create_img_folder() fonksiyonu başarı ile çalıştı
2021-12-21 15:28:41,241 - WDM - INFO - 

2021-12-21 15:28:41,243 - WDM - INFO - ====== WebDriver manager ======
2021-12-21 15:28:42,134 - WDM - INFO - Current firefox version is 95.0
2021-12-21 15:28:42,134 - WDM - INFO - Get LATEST geckodriver version for 95.0 firefox
2021-12-21 15:28:42,522 - WDM - INFO - Driver [C:\Users\asus\.wdm\drivers\geckodriver\win64\v0.30.0\geckodriver.exe] found in cache
2021-12-21 17:28:29,452 - root - WARNING - dosya zaten var dosya oluşturulmadı
2021-12-21 17:28:29,452 - root - INFO - create_img_folder() fonksiyonu başarı ile çalıştı
2021-12-21 17:28:29,466 - WDM - INFO - 

2021-12-21 17:28:29,467 - WDM - INFO - ====== WebDriver manager ======
2021-12-21 17:28:30,391 - WDM - INFO - Current firefox version is 95.0
2021-12-21 17:28:30,391 - WDM - INFO - Get LATEST geckodriver version for 95.0 firefox
2021-12-21 17:28:31,059 - WDM - INFO - Driver [C:\Users\asus\.wdm\drivers\geckodriver\win64\v0.30.0\geckodriver.exe] found in cache
2021-12-21 17:41:40,889 - root - WARNING - dosya zaten var dosya oluşturulmadı
2021-12-21 17:41:40,889 - root - INFO - create_img_folder() fonksiyonu başarı ile çalıştı
2021-12-21 17:41:40,902 - WDM - INFO - 

2021-12-21 17:41:40,904 - WDM - INFO - ====== WebDriver manager ======
2021-12-21 17:41:41,770 - WDM - INFO - Current firefox version is 95.0
2021-12-21 17:41:41,783 - WDM - INFO - Get LATEST geckodriver version for 95.0 firefox
2021-12-21 17:41:42,302 - WDM - INFO - Driver [C:\Users\asus\.wdm\drivers\geckodriver\win64\v0.30.0\geckodriver.exe] found in cache
2021-12-21 17:52:02,425 - root - WARNING - dosya zaten var dosya oluşturulmadı
2021-12-21 17:52:02,425 - root - INFO - create_img_folder() fonksiyonu başarı ile çalıştı
2021-12-21 17:52:02,432 - WDM - INFO - 

2021-12-21 17:52:02,434 - WDM - INFO - ====== WebDriver manager ======
2021-12-21 17:52:03,302 - WDM - INFO - Current firefox version is 95.0
2021-12-21 17:52:03,302 - WDM - INFO - Get LATEST geckodriver version for 95.0 firefox
2021-12-21 17:52:03,682 - WDM - INFO - Driver [C:\Users\asus\.wdm\drivers\geckodriver\win64\v0.30.0\geckodriver.exe] found in cache
2021-12-21 17:54:59,360 - root - WARNING - dosya zaten var dosya oluşturulmadı
2021-12-21 17:54:59,361 - root - INFO - create_img_folder() fonksiyonu başarı ile çalıştı
2021-12-21 17:54:59,362 - WDM - INFO - 

2021-12-21 17:54:59,363 - WDM - INFO - ====== WebDriver manager ======
2021-12-21 17:55:00,234 - WDM - INFO - Current firefox version is 95.0
2021-12-21 17:55:00,234 - WDM - INFO - Get LATEST geckodriver version for 95.0 firefox
2021-12-21 17:55:00,616 - WDM - INFO - Driver [C:\Users\asus\.wdm\drivers\geckodriver\win64\v0.30.0\geckodriver.exe] found in cache
2021-12-21 17:57:54,374 - root - WARNING - dosya zaten var dosya oluşturulmadı
2021-12-21 17:57:54,374 - root - INFO - create_img_folder() fonksiyonu başarı ile çalıştı
2021-12-21 17:57:54,381 - WDM - INFO - 

2021-12-21 17:57:54,382 - WDM - INFO - ====== WebDriver manager ======
2021-12-21 17:57:55,267 - WDM - INFO - Current firefox version is 95.0
2021-12-21 17:57:55,268 - WDM - INFO - Get LATEST geckodriver version for 95.0 firefox
2021-12-21 17:57:55,757 - WDM - INFO - Driver [C:\Users\asus\.wdm\drivers\geckodriver\win64\v0.30.0\geckodriver.exe] found in cache
2021-12-21 18:09:03,154 - root - WARNING - dosya zaten var dosya oluşturulmadı
2021-12-21 18:09:03,170 - root - INFO - create_img_folder() fonksiyonu başarı ile çalıştı
2021-12-21 18:09:03,172 - WDM - INFO - 

2021-12-21 18:09:03,173 - WDM - INFO - ====== WebDriver manager ======
2021-12-21 18:09:04,081 - WDM - INFO - Current firefox version is 95.0
2021-12-21 18:09:04,082 - WDM - INFO - Get LATEST geckodriver version for 95.0 firefox
2021-12-21 18:09:04,457 - WDM - INFO - Driver [C:\Users\asus\.wdm\drivers\geckodriver\win64\v0.30.0\geckodriver.exe] found in cache
2021-12-21 18:10:19,594 - root - WARNING - dosya zaten var dosya oluşturulmadı
2021-12-21 18:10:19,594 - root - INFO - create_img_folder() fonksiyonu başarı ile çalıştı
2021-12-21 18:10:19,597 - WDM - INFO - 

2021-12-21 18:10:19,599 - WDM - INFO - ====== WebDriver manager ======
2021-12-21 18:10:20,489 - WDM - INFO - Current firefox version is 95.0
2021-12-21 18:10:20,490 - WDM - INFO - Get LATEST geckodriver version for 95.0 firefox
2021-12-21 18:10:20,841 - WDM - INFO - Driver [C:\Users\asus\.wdm\drivers\geckodriver\win64\v0.30.0\geckodriver.exe] found in cache
2021-12-21 18:12:05,700 - root - WARNING - dosya zaten var dosya oluşturulmadı
2021-12-21 18:12:05,700 - root - INFO - create_img_folder() fonksiyonu başarı ile çalıştı
2021-12-21 18:12:05,702 - WDM - INFO - 

2021-12-21 18:12:05,704 - WDM - INFO - ====== WebDriver manager ======
2021-12-21 18:12:06,571 - WDM - INFO - Current firefox version is 95.0
2021-12-21 18:12:06,571 - WDM - INFO - Get LATEST geckodriver version for 95.0 firefox
2021-12-21 18:12:07,000 - WDM - INFO - Driver [C:\Users\asus\.wdm\drivers\geckodriver\win64\v0.30.0\geckodriver.exe] found in cache
2021-12-21 18:13:36,410 - root - WARNING - dosya zaten var dosya oluşturulmadı
2021-12-21 18:13:36,410 - root - INFO - create_img_folder() fonksiyonu başarı ile çalıştı
2021-12-21 18:13:36,421 - WDM - INFO - 

2021-12-21 18:13:36,423 - WDM - INFO - ====== WebDriver manager ======
2021-12-21 18:13:37,316 - WDM - INFO - Current firefox version is 95.0
2021-12-21 18:13:37,316 - WDM - INFO - Get LATEST geckodriver version for 95.0 firefox
2021-12-21 18:13:37,717 - WDM - INFO - Driver [C:\Users\asus\.wdm\drivers\geckodriver\win64\v0.30.0\geckodriver.exe] found in cache
2021-12-21 18:18:02,054 - root - WARNING - dosya zaten var dosya oluşturulmadı
2021-12-21 18:18:02,054 - root - INFO - create_img_folder() fonksiyonu başarı ile çalıştı
2021-12-21 18:18:02,058 - WDM - INFO - 

2021-12-21 18:18:02,060 - WDM - INFO - ====== WebDriver manager ======
2021-12-21 18:18:02,982 - WDM - INFO - Current firefox version is 95.0
2021-12-21 18:18:02,983 - WDM - INFO - Get LATEST geckodriver version for 95.0 firefox
2021-12-21 18:18:03,227 - WDM - INFO - Driver [C:\Users\asus\.wdm\drivers\geckodriver\win64\v0.30.0\geckodriver.exe] found in cache
2021-12-21 18:22:58,740 - root - WARNING - dosya zaten var dosya oluşturulmadı
2021-12-21 18:22:58,740 - root - INFO - create_img_folder() fonksiyonu başarı ile çalıştı
2021-12-21 18:22:58,751 - WDM - INFO - 

2021-12-21 18:22:58,753 - WDM - INFO - ====== WebDriver manager ======
2021-12-21 18:22:59,636 - WDM - INFO - Current firefox version is 95.0
2021-12-21 18:22:59,636 - WDM - INFO - Get LATEST geckodriver version for 95.0 firefox
2021-12-21 18:22:59,989 - WDM - INFO - Driver [C:\Users\asus\.wdm\drivers\geckodriver\win64\v0.30.0\geckodriver.exe] found in cache
2021-12-21 18:25:56,383 - root - WARNING - dosya zaten var dosya oluşturulmadı
2021-12-21 18:25:56,383 - root - INFO - create_img_folder() fonksiyonu başarı ile çalıştı
2021-12-21 18:25:56,397 - WDM - INFO - 

2021-12-21 18:25:56,399 - WDM - INFO - ====== WebDriver manager ======
2021-12-21 18:25:57,281 - WDM - INFO - Current firefox version is 95.0
2021-12-21 18:25:57,283 - WDM - INFO - Get LATEST geckodriver version for 95.0 firefox
2021-12-21 18:25:57,678 - WDM - INFO - Driver [C:\Users\asus\.wdm\drivers\geckodriver\win64\v0.30.0\geckodriver.exe] found in cache
2021-12-21 18:27:53,809 - root - WARNING - dosya zaten var dosya oluşturulmadı
2021-12-21 18:27:53,809 - root - INFO - create_img_folder() fonksiyonu başarı ile çalıştı
2021-12-21 18:27:53,811 - WDM - INFO - 

2021-12-21 18:27:53,813 - WDM - INFO - ====== WebDriver manager ======
2021-12-21 18:27:54,680 - WDM - INFO - Current firefox version is 95.0
2021-12-21 18:27:54,680 - WDM - INFO - Get LATEST geckodriver version for 95.0 firefox
2021-12-21 18:27:55,253 - WDM - INFO - Driver [C:\Users\asus\.wdm\drivers\geckodriver\win64\v0.30.0\geckodriver.exe] found in cache
2021-12-21 18:30:47,382 - root - WARNING - dosya zaten var dosya oluşturulmadı
2021-12-21 18:30:47,382 - root - INFO - create_img_folder() fonksiyonu başarı ile çalıştı
2021-12-21 18:30:47,394 - WDM - INFO - 

2021-12-21 18:30:47,396 - WDM - INFO - ====== WebDriver manager ======
2021-12-21 18:30:48,310 - WDM - INFO - Current firefox version is 95.0
2021-12-21 18:30:48,310 - WDM - INFO - Get LATEST geckodriver version for 95.0 firefox
2021-12-21 18:30:48,700 - WDM - INFO - Driver [C:\Users\asus\.wdm\drivers\geckodriver\win64\v0.30.0\geckodriver.exe] found in cache
2021-12-21 18:54:37,274 - root - WARNING - dosya zaten var dosya oluşturulmadı
2021-12-21 18:54:37,274 - root - INFO - create_img_folder() fonksiyonu başarı ile çalıştı
2021-12-21 18:54:37,289 - WDM - INFO - 

2021-12-21 18:54:37,291 - WDM - INFO - ====== WebDriver manager ======
2021-12-21 18:54:38,200 - WDM - INFO - Current firefox version is 95.0
2021-12-21 18:54:38,200 - WDM - INFO - Get LATEST geckodriver version for 95.0 firefox
2021-12-21 18:54:38,571 - WDM - INFO - Driver [C:\Users\asus\.wdm\drivers\geckodriver\win64\v0.30.0\geckodriver.exe] found in cache
2021-12-21 19:01:32,747 - root - WARNING - dosya zaten var dosya oluşturulmadı
2021-12-21 19:01:32,747 - root - INFO - create_img_folder() fonksiyonu başarı ile çalıştı
2021-12-21 19:01:32,759 - WDM - INFO - 

2021-12-21 19:01:32,761 - WDM - INFO - ====== WebDriver manager ======
2021-12-21 19:01:33,696 - WDM - INFO - Current firefox version is 95.0
2021-12-21 19:01:33,698 - WDM - INFO - Get LATEST geckodriver version for 95.0 firefox
2021-12-21 19:01:34,071 - WDM - INFO - Driver [C:\Users\asus\.wdm\drivers\geckodriver\win64\v0.30.0\geckodriver.exe] found in cache
2021-12-21 19:06:38,304 - root - WARNING - dosya zaten var dosya oluşturulmadı
2021-12-21 19:06:38,304 - root - INFO - create_img_folder() fonksiyonu başarı ile çalıştı
2021-12-21 19:06:38,313 - WDM - INFO - 

2021-12-21 19:06:38,315 - WDM - INFO - ====== WebDriver manager ======
2021-12-21 19:06:39,200 - WDM - INFO - Current firefox version is 95.0
2021-12-21 19:06:39,200 - WDM - INFO - Get LATEST geckodriver version for 95.0 firefox
2021-12-21 19:06:39,569 - WDM - INFO - Driver [C:\Users\asus\.wdm\drivers\geckodriver\win64\v0.30.0\geckodriver.exe] found in cache
2021-12-21 19:19:23,447 - root - WARNING - dosya zaten var dosya oluşturulmadı
2021-12-21 19:19:23,447 - root - INFO - create_img_folder() fonksiyonu başarı ile çalıştı
2021-12-21 19:19:23,452 - WDM - INFO - 

2021-12-21 19:19:23,454 - WDM - INFO - ====== WebDriver manager ======
2021-12-21 19:19:24,343 - WDM - INFO - Current firefox version is 95.0
2021-12-21 19:19:24,343 - WDM - INFO - Get LATEST geckodriver version for 95.0 firefox
2021-12-21 19:19:24,699 - WDM - INFO - Driver [C:\Users\asus\.wdm\drivers\geckodriver\win64\v0.30.0\geckodriver.exe] found in cache
2021-12-21 19:21:51,608 - root - WARNING - dosya zaten var dosya oluşturulmadı
2021-12-21 19:21:51,608 - root - INFO - create_img_folder() fonksiyonu başarı ile çalıştı
2021-12-21 19:21:51,619 - WDM - INFO - 

2021-12-21 19:21:51,621 - WDM - INFO - ====== WebDriver manager ======
2021-12-21 19:21:52,507 - WDM - INFO - Current firefox version is 95.0
2021-12-21 19:21:52,508 - WDM - INFO - Get LATEST geckodriver version for 95.0 firefox
2021-12-21 19:21:52,910 - WDM - INFO - Driver [C:\Users\asus\.wdm\drivers\geckodriver\win64\v0.30.0\geckodriver.exe] found in cache
2021-12-21 19:38:12,816 - root - WARNING - dosya zaten var dosya oluşturulmadı
2021-12-21 19:38:12,816 - root - INFO - create_img_folder() fonksiyonu başarı ile çalıştı
2021-12-21 19:38:12,832 - WDM - INFO - 

2021-12-21 19:38:12,834 - WDM - INFO - ====== WebDriver manager ======
2021-12-21 19:38:13,766 - WDM - INFO - Current firefox version is 95.0
2021-12-21 19:38:13,769 - WDM - INFO - Get LATEST geckodriver version for 95.0 firefox
2021-12-21 19:38:14,133 - WDM - INFO - Driver [C:\Users\asus\.wdm\drivers\geckodriver\win64\v0.30.0\geckodriver.exe] found in cache
2021-12-21 19:43:01,625 - root - WARNING - dosya zaten var dosya oluşturulmadı
2021-12-21 19:43:01,625 - root - INFO - create_img_folder() fonksiyonu başarı ile çalıştı
2021-12-21 19:43:01,640 - WDM - INFO - 

2021-12-21 19:43:01,641 - WDM - INFO - ====== WebDriver manager ======
2021-12-21 19:43:02,550 - WDM - INFO - Current firefox version is 95.0
2021-12-21 19:43:02,551 - WDM - INFO - Get LATEST geckodriver version for 95.0 firefox
2021-12-21 19:43:02,915 - WDM - INFO - Driver [C:\Users\asus\.wdm\drivers\geckodriver\win64\v0.30.0\geckodriver.exe] found in cache
2021-12-21 19:45:43,351 - root - WARNING - dosya zaten var dosya oluşturulmadı
2021-12-21 19:45:43,351 - root - INFO - create_img_folder() fonksiyonu başarı ile çalıştı
2021-12-21 19:45:43,358 - WDM - INFO - 

2021-12-21 19:45:43,360 - WDM - INFO - ====== WebDriver manager ======
2021-12-21 19:45:44,220 - WDM - INFO - Current firefox version is 95.0
2021-12-21 19:45:44,221 - WDM - INFO - Get LATEST geckodriver version for 95.0 firefox
2021-12-21 19:45:44,642 - WDM - INFO - Driver [C:\Users\asus\.wdm\drivers\geckodriver\win64\v0.30.0\geckodriver.exe] found in cache
2021-12-21 19:48:52,818 - root - WARNING - dosya zaten var dosya oluşturulmadı
2021-12-21 19:48:52,819 - root - INFO - create_img_folder() fonksiyonu başarı ile çalıştı
2021-12-21 19:48:52,820 - WDM - INFO - 

2021-12-21 19:48:52,822 - WDM - INFO - ====== WebDriver manager ======
2021-12-21 19:48:53,688 - WDM - INFO - Current firefox version is 95.0
2021-12-21 19:48:53,688 - WDM - INFO - Get LATEST geckodriver version for 95.0 firefox
2021-12-21 19:48:54,006 - WDM - INFO - Driver [C:\Users\asus\.wdm\drivers\geckodriver\win64\v0.30.0\geckodriver.exe] found in cache
2021-12-21 19:54:59,048 - root - WARNING - dosya zaten var dosya oluşturulmadı
2021-12-21 19:54:59,048 - root - INFO - create_img_folder() fonksiyonu başarı ile çalıştı
2021-12-21 19:54:59,051 - WDM - INFO - 

2021-12-21 19:54:59,053 - WDM - INFO - ====== WebDriver manager ======
2021-12-21 19:54:59,927 - WDM - INFO - Current firefox version is 95.0
2021-12-21 19:54:59,927 - WDM - INFO - Get LATEST geckodriver version for 95.0 firefox
2021-12-21 19:55:00,558 - WDM - INFO - Driver [C:\Users\asus\.wdm\drivers\geckodriver\win64\v0.30.0\geckodriver.exe] found in cache
2021-12-21 19:56:06,247 - root - WARNING - dosya zaten var dosya oluşturulmadı
2021-12-21 19:56:06,248 - root - INFO - create_img_folder() fonksiyonu başarı ile çalıştı
2021-12-21 19:56:06,250 - WDM - INFO - 

2021-12-21 19:56:06,252 - WDM - INFO - ====== WebDriver manager ======
2021-12-21 19:56:07,176 - WDM - INFO - Current firefox version is 95.0
2021-12-21 19:56:07,177 - WDM - INFO - Get LATEST geckodriver version for 95.0 firefox
2021-12-21 19:56:07,489 - WDM - INFO - Driver [C:\Users\asus\.wdm\drivers\geckodriver\win64\v0.30.0\geckodriver.exe] found in cache
2021-12-21 20:00:01,904 - root - WARNING - dosya zaten var dosya oluşturulmadı
2021-12-21 20:00:01,904 - root - INFO - create_img_folder() fonksiyonu başarı ile çalıştı
2021-12-21 20:00:01,916 - WDM - INFO - 

2021-12-21 20:00:01,918 - WDM - INFO - ====== WebDriver manager ======
2021-12-21 20:00:02,805 - WDM - INFO - Current firefox version is 95.0
2021-12-21 20:00:02,806 - WDM - INFO - Get LATEST geckodriver version for 95.0 firefox
2021-12-21 20:00:03,154 - WDM - INFO - Driver [C:\Users\asus\.wdm\drivers\geckodriver\win64\v0.30.0\geckodriver.exe] found in cache
2021-12-21 20:00:32,249 - root - WARNING - dosya zaten var dosya oluşturulmadı
2021-12-21 20:00:32,249 - root - INFO - create_img_folder() fonksiyonu başarı ile çalıştı
2021-12-21 20:00:32,258 - WDM - INFO - 

2021-12-21 20:00:32,261 - WDM - INFO - ====== WebDriver manager ======
2021-12-21 20:00:33,652 - WDM - INFO - Current firefox version is 95.0
2021-12-21 20:00:33,652 - WDM - INFO - Get LATEST geckodriver version for 95.0 firefox
2021-12-21 20:00:34,417 - WDM - INFO - Driver [C:\Users\asus\.wdm\drivers\geckodriver\win64\v0.30.0\geckodriver.exe] found in cache
2021-12-21 20:08:14,656 - root - WARNING - dosya zaten var dosya oluşturulmadı
2021-12-21 20:08:14,657 - root - INFO - create_img_folder() fonksiyonu başarı ile çalıştı
2021-12-21 20:08:14,658 - WDM - INFO - 

2021-12-21 20:08:14,660 - WDM - INFO - ====== WebDriver manager ======
2021-12-21 20:08:15,531 - WDM - INFO - Current firefox version is 95.0
2021-12-21 20:08:15,531 - WDM - INFO - Get LATEST geckodriver version for 95.0 firefox
2021-12-21 20:08:16,050 - WDM - INFO - Driver [C:\Users\asus\.wdm\drivers\geckodriver\win64\v0.30.0\geckodriver.exe] found in cache
2021-12-21 20:10:38,786 - root - WARNING - dosya zaten var dosya oluşturulmadı
2021-12-21 20:10:38,786 - root - INFO - create_img_folder() fonksiyonu başarı ile çalıştı
2021-12-21 20:10:38,796 - WDM - INFO - 

2021-12-21 20:10:38,798 - WDM - INFO - ====== WebDriver manager ======
2021-12-21 20:10:39,674 - WDM - INFO - Current firefox version is 95.0
2021-12-21 20:10:39,674 - WDM - INFO - Get LATEST geckodriver version for 95.0 firefox
2021-12-21 20:10:39,964 - WDM - INFO - Driver [C:\Users\asus\.wdm\drivers\geckodriver\win64\v0.30.0\geckodriver.exe] found in cache
2021-12-21 20:18:54,367 - root - WARNING - dosya zaten var dosya oluşturulmadı
2021-12-21 20:18:54,367 - root - INFO - create_img_folder() fonksiyonu başarı ile çalıştı
2021-12-21 20:18:54,370 - WDM - INFO - 

2021-12-21 20:18:54,372 - WDM - INFO - ====== WebDriver manager ======
2021-12-21 20:18:55,254 - WDM - INFO - Current firefox version is 95.0
2021-12-21 20:18:55,256 - WDM - INFO - Get LATEST geckodriver version for 95.0 firefox
2021-12-21 20:18:55,811 - WDM - INFO - Driver [C:\Users\asus\.wdm\drivers\geckodriver\win64\v0.30.0\geckodriver.exe] found in cache
2021-12-21 20:20:55,445 - root - WARNING - dosya zaten var dosya oluşturulmadı
2021-12-21 20:20:55,446 - root - INFO - create_img_folder() fonksiyonu başarı ile çalıştı
2021-12-21 20:20:55,448 - WDM - INFO - 

2021-12-21 20:20:55,449 - WDM - INFO - ====== WebDriver manager ======
2021-12-21 20:20:56,311 - WDM - INFO - Current firefox version is 95.0
2021-12-21 20:20:56,311 - WDM - INFO - Get LATEST geckodriver version for 95.0 firefox
2021-12-21 20:20:56,696 - WDM - INFO - Driver [C:\Users\asus\.wdm\drivers\geckodriver\win64\v0.30.0\geckodriver.exe] found in cache
2021-12-21 20:25:05,718 - root - WARNING - dosya zaten var dosya oluşturulmadı
2021-12-21 20:25:05,718 - root - INFO - create_img_folder() fonksiyonu başarı ile çalıştı
2021-12-21 20:25:05,723 - WDM - INFO - 

2021-12-21 20:25:05,725 - WDM - INFO - ====== WebDriver manager ======
2021-12-21 20:25:06,985 - WDM - INFO - Current firefox version is 95.0
2021-12-21 20:25:06,987 - WDM - INFO - Get LATEST geckodriver version for 95.0 firefox
2021-12-21 20:25:14,355 - WDM - INFO - Driver [C:\Users\asus\.wdm\drivers\geckodriver\win64\v0.30.0\geckodriver.exe] found in cache
2021-12-21 20:26:26,544 - root - WARNING - dosya zaten var dosya oluşturulmadı
2021-12-21 20:26:26,544 - root - INFO - create_img_folder() fonksiyonu başarı ile çalıştı
2021-12-21 20:26:26,551 - WDM - INFO - 

2021-12-21 20:26:26,553 - WDM - INFO - ====== WebDriver manager ======
2021-12-21 20:26:27,436 - WDM - INFO - Current firefox version is 95.0
2021-12-21 20:26:27,436 - WDM - INFO - Get LATEST geckodriver version for 95.0 firefox
2021-12-21 20:26:27,815 - WDM - INFO - Driver [C:\Users\asus\.wdm\drivers\geckodriver\win64\v0.30.0\geckodriver.exe] found in cache
2021-12-21 20:29:03,589 - root - WARNING - dosya zaten var dosya oluşturulmadı
2021-12-21 20:29:03,589 - root - INFO - create_img_folder() fonksiyonu başarı ile çalıştı
2021-12-21 20:29:03,598 - WDM - INFO - 

2021-12-21 20:29:03,600 - WDM - INFO - ====== WebDriver manager ======
2021-12-21 20:29:04,509 - WDM - INFO - Current firefox version is 95.0
2021-12-21 20:29:04,511 - WDM - INFO - Get LATEST geckodriver version for 95.0 firefox
2021-12-21 20:29:04,820 - WDM - INFO - Driver [C:\Users\asus\.wdm\drivers\geckodriver\win64\v0.30.0\geckodriver.exe] found in cache
2021-12-21 20:30:30,571 - root - WARNING - dosya zaten var dosya oluşturulmadı
2021-12-21 20:30:30,571 - root - INFO - create_img_folder() fonksiyonu başarı ile çalıştı
2021-12-21 20:30:30,578 - WDM - INFO - 

2021-12-21 20:30:30,579 - WDM - INFO - ====== WebDriver manager ======
2021-12-21 20:30:31,444 - WDM - INFO - Current firefox version is 95.0
2021-12-21 20:30:31,444 - WDM - INFO - Get LATEST geckodriver version for 95.0 firefox
2021-12-21 20:30:31,838 - WDM - INFO - Driver [C:\Users\asus\.wdm\drivers\geckodriver\win64\v0.30.0\geckodriver.exe] found in cache
2021-12-21 20:36:45,786 - root - WARNING - dosya zaten var dosya oluşturulmadı
2021-12-21 20:36:45,802 - root - INFO - create_img_folder() fonksiyonu başarı ile çalıştı
2021-12-21 20:36:45,803 - WDM - INFO - 

2021-12-21 20:36:45,805 - WDM - INFO - ====== WebDriver manager ======
2021-12-21 20:36:46,692 - WDM - INFO - Current firefox version is 95.0
2021-12-21 20:36:46,692 - WDM - INFO - Get LATEST geckodriver version for 95.0 firefox
2021-12-21 20:36:47,064 - WDM - INFO - Driver [C:\Users\asus\.wdm\drivers\geckodriver\win64\v0.30.0\geckodriver.exe] found in cache
2021-12-21 20:38:51,011 - root - WARNING - dosya zaten var dosya oluşturulmadı
2021-12-21 20:38:51,011 - root - INFO - create_img_folder() fonksiyonu başarı ile çalıştı
2021-12-21 20:38:51,021 - WDM - INFO - 

2021-12-21 20:38:51,023 - WDM - INFO - ====== WebDriver manager ======
2021-12-21 20:38:51,902 - WDM - INFO - Current firefox version is 95.0
2021-12-21 20:38:51,902 - WDM - INFO - Get LATEST geckodriver version for 95.0 firefox
2021-12-21 20:38:52,282 - WDM - INFO - Driver [C:\Users\asus\.wdm\drivers\geckodriver\win64\v0.30.0\geckodriver.exe] found in cache
2021-12-21 20:40:00,311 - root - WARNING - dosya zaten var dosya oluşturulmadı
2021-12-21 20:40:00,311 - root - INFO - create_img_folder() fonksiyonu başarı ile çalıştı
2021-12-21 20:40:00,317 - WDM - INFO - 

2021-12-21 20:40:00,319 - WDM - INFO - ====== WebDriver manager ======
2021-12-21 20:40:01,195 - WDM - INFO - Current firefox version is 95.0
2021-12-21 20:40:01,195 - WDM - INFO - Get LATEST geckodriver version for 95.0 firefox
2021-12-21 20:40:01,774 - WDM - INFO - Driver [C:\Users\asus\.wdm\drivers\geckodriver\win64\v0.30.0\geckodriver.exe] found in cache
2021-12-21 20:44:59,076 - root - WARNING - dosya zaten var dosya oluşturulmadı
2021-12-21 20:44:59,077 - root - INFO - create_img_folder() fonksiyonu başarı ile çalıştı
2021-12-21 20:44:59,078 - WDM - INFO - 

2021-12-21 20:44:59,080 - WDM - INFO - ====== WebDriver manager ======
2021-12-21 20:44:59,952 - WDM - INFO - Current firefox version is 95.0
2021-12-21 20:44:59,952 - WDM - INFO - Get LATEST geckodriver version for 95.0 firefox
2021-12-21 20:45:00,394 - WDM - INFO - Driver [C:\Users\asus\.wdm\drivers\geckodriver\win64\v0.30.0\geckodriver.exe] found in cache
2021-12-21 20:49:12,200 - root - WARNING - dosya zaten var dosya oluşturulmadı
2021-12-21 20:49:12,200 - root - INFO - create_img_folder() fonksiyonu başarı ile çalıştı
2021-12-21 20:49:12,205 - WDM - INFO - 

2021-12-21 20:49:12,207 - WDM - INFO - ====== WebDriver manager ======
2021-12-21 20:49:13,085 - WDM - INFO - Current firefox version is 95.0
2021-12-21 20:49:13,085 - WDM - INFO - Get LATEST geckodriver version for 95.0 firefox
2021-12-21 20:49:13,486 - WDM - INFO - Driver [C:\Users\asus\.wdm\drivers\geckodriver\win64\v0.30.0\geckodriver.exe] found in cache
2021-12-21 20:50:50,665 - root - WARNING - dosya zaten var dosya oluşturulmadı
2021-12-21 20:50:50,665 - root - INFO - create_img_folder() fonksiyonu başarı ile çalıştı
2021-12-21 20:50:50,673 - WDM - INFO - 

2021-12-21 20:50:50,674 - WDM - INFO - ====== WebDriver manager ======
2021-12-21 20:50:51,545 - WDM - INFO - Current firefox version is 95.0
2021-12-21 20:50:51,545 - WDM - INFO - Get LATEST geckodriver version for 95.0 firefox
2021-12-21 20:50:52,008 - WDM - INFO - Driver [C:\Users\asus\.wdm\drivers\geckodriver\win64\v0.30.0\geckodriver.exe] found in cache
2021-12-21 20:54:17,499 - root - WARNING - dosya zaten var dosya oluşturulmadı
2021-12-21 20:54:17,500 - root - INFO - create_img_folder() fonksiyonu başarı ile çalıştı
2021-12-21 20:54:17,502 - WDM - INFO - 

2021-12-21 20:54:17,504 - WDM - INFO - ====== WebDriver manager ======
2021-12-21 20:54:18,745 - WDM - INFO - Current firefox version is 95.0
2021-12-21 20:54:18,746 - WDM - INFO - Get LATEST geckodriver version for 95.0 firefox
2021-12-21 20:54:19,057 - WDM - INFO - Driver [C:\Users\asus\.wdm\drivers\geckodriver\win64\v0.30.0\geckodriver.exe] found in cache
2021-12-21 21:03:30,204 - root - WARNING - dosya zaten var dosya oluşturulmadı
2021-12-21 21:03:30,204 - root - INFO - create_img_folder() fonksiyonu başarı ile çalıştı
2021-12-21 21:03:30,220 - WDM - INFO - 

2021-12-21 21:03:30,222 - WDM - INFO - ====== WebDriver manager ======
2021-12-21 21:03:31,094 - WDM - INFO - Current firefox version is 95.0
2021-12-21 21:03:31,094 - WDM - INFO - Get LATEST geckodriver version for 95.0 firefox
2021-12-21 21:03:31,527 - WDM - INFO - Driver [C:\Users\asus\.wdm\drivers\geckodriver\win64\v0.30.0\geckodriver.exe] found in cache
2021-12-21 21:05:35,829 - root - WARNING - dosya zaten var dosya oluşturulmadı
2021-12-21 21:05:35,829 - root - INFO - create_img_folder() fonksiyonu başarı ile çalıştı
2021-12-21 21:05:35,835 - WDM - INFO - 

2021-12-21 21:05:35,837 - WDM - INFO - ====== WebDriver manager ======
2021-12-21 21:05:36,724 - WDM - INFO - Current firefox version is 95.0
2021-12-21 21:05:36,728 - WDM - INFO - Get LATEST geckodriver version for 95.0 firefox
2021-12-21 21:05:37,144 - WDM - INFO - Driver [C:\Users\asus\.wdm\drivers\geckodriver\win64\v0.30.0\geckodriver.exe] found in cache
2021-12-21 21:08:30,994 - root - WARNING - dosya zaten var dosya oluşturulmadı
2021-12-21 21:08:30,994 - root - INFO - create_img_folder() fonksiyonu başarı ile çalıştı
2021-12-21 21:08:31,005 - WDM - INFO - 

2021-12-21 21:08:31,007 - WDM - INFO - ====== WebDriver manager ======
2021-12-21 21:08:31,903 - WDM - INFO - Current firefox version is 95.0
2021-12-21 21:08:31,904 - WDM - INFO - Get LATEST geckodriver version for 95.0 firefox
2021-12-21 21:08:32,260 - WDM - INFO - Driver [C:\Users\asus\.wdm\drivers\geckodriver\win64\v0.30.0\geckodriver.exe] found in cache
2021-12-21 21:10:12,106 - root - WARNING - dosya zaten var dosya oluşturulmadı
2021-12-21 21:10:12,106 - root - INFO - create_img_folder() fonksiyonu başarı ile çalıştı
2021-12-21 21:10:12,109 - WDM - INFO - 

2021-12-21 21:10:12,111 - WDM - INFO - ====== WebDriver manager ======
2021-12-21 21:10:12,990 - WDM - INFO - Current firefox version is 95.0
2021-12-21 21:10:12,991 - WDM - INFO - Get LATEST geckodriver version for 95.0 firefox
2021-12-21 21:10:13,384 - WDM - INFO - Driver [C:\Users\asus\.wdm\drivers\geckodriver\win64\v0.30.0\geckodriver.exe] found in cache
2021-12-21 21:12:40,018 - root - WARNING - dosya zaten var dosya oluşturulmadı
2021-12-21 21:12:40,018 - root - INFO - create_img_folder() fonksiyonu başarı ile çalıştı
2021-12-21 21:12:40,031 - WDM - INFO - 

2021-12-21 21:12:40,033 - WDM - INFO - ====== WebDriver manager ======
2021-12-21 21:12:40,927 - WDM - INFO - Current firefox version is 95.0
2021-12-21 21:12:40,928 - WDM - INFO - Get LATEST geckodriver version for 95.0 firefox
2021-12-21 21:12:41,273 - WDM - INFO - Driver [C:\Users\asus\.wdm\drivers\geckodriver\win64\v0.30.0\geckodriver.exe] found in cache
2021-12-21 21:14:22,174 - root - WARNING - dosya zaten var dosya oluşturulmadı
2021-12-21 21:14:22,174 - root - INFO - create_img_folder() fonksiyonu başarı ile çalıştı
2021-12-21 21:14:22,178 - WDM - INFO - 

2021-12-21 21:14:22,180 - WDM - INFO - ====== WebDriver manager ======
2021-12-21 21:14:23,083 - WDM - INFO - Current firefox version is 95.0
2021-12-21 21:14:23,083 - WDM - INFO - Get LATEST geckodriver version for 95.0 firefox
2021-12-21 21:14:23,409 - WDM - INFO - Driver [C:\Users\asus\.wdm\drivers\geckodriver\win64\v0.30.0\geckodriver.exe] found in cache
2021-12-21 21:17:50,383 - root - WARNING - dosya zaten var dosya oluşturulmadı
2021-12-21 21:17:50,383 - root - INFO - create_img_folder() fonksiyonu başarı ile çalıştı
2021-12-21 21:17:50,391 - WDM - INFO - 

2021-12-21 21:17:50,393 - WDM - INFO - ====== WebDriver manager ======
2021-12-21 21:17:51,279 - WDM - INFO - Current firefox version is 95.0
2021-12-21 21:17:51,279 - WDM - INFO - Get LATEST geckodriver version for 95.0 firefox
2021-12-21 21:17:51,828 - WDM - INFO - Driver [C:\Users\asus\.wdm\drivers\geckodriver\win64\v0.30.0\geckodriver.exe] found in cache
2021-12-22 00:28:20,188 - root - WARNING - dosya zaten var dosya oluşturulmadı
2021-12-22 00:28:20,190 - root - INFO - create_img_folder() fonksiyonu başarı ile çalıştı
2021-12-22 00:28:20,192 - WDM - INFO - 

2021-12-22 00:28:20,195 - WDM - INFO - ====== WebDriver manager ======
2021-12-22 00:28:21,401 - WDM - INFO - Current firefox version is 95.0
2021-12-22 00:28:21,401 - WDM - INFO - Get LATEST geckodriver version for 95.0 firefox
2021-12-22 00:28:21,689 - WDM - INFO - Getting latest mozilla release info for v0.30.0
2021-12-22 00:28:21,913 - WDM - INFO - Trying to download new driver from https://github.com/mozilla/geckodriver/releases/download/v0.30.0/geckodriver-v0.30.0-win64.zip
2021-12-22 00:28:23,051 - WDM - INFO - Driver has been saved in cache [C:\Users\asus\.wdm\drivers\geckodriver\win64\v0.30.0]
2021-12-22 00:29:41,430 - root - WARNING - dosya zaten var dosya oluşturulmadı
2021-12-22 00:29:41,430 - root - INFO - create_img_folder() fonksiyonu başarı ile çalıştı
2021-12-22 00:29:41,443 - WDM - INFO - 

2021-12-22 00:29:41,444 - WDM - INFO - ====== WebDriver manager ======
2021-12-22 00:29:42,338 - WDM - INFO - Current firefox version is 95.0
2021-12-22 00:29:42,339 - WDM - INFO - Get LATEST geckodriver version for 95.0 firefox
2021-12-22 00:29:42,697 - WDM - INFO - Driver [C:\Users\asus\.wdm\drivers\geckodriver\win64\v0.30.0\geckodriver.exe] found in cache
